<?xml version="1.0" encoding="UTF-8"?>
<!-- Generated by org.testng.reporters.JUnitXMLReporter -->
<testsuite hostname="197NODMB16796.local" ignored="0" name="Test2" tests="2" failures="1" timestamp="28 Mar 2019 07:56:07 GMT" time="53.368" errors="0">
  <testcase name="addtheItemTocart" time="25.9" classname="AddToCartTest">
    <failure type="java.lang.NullPointerException">
      <![CDATA[java.lang.NullPointerException
at AddToCartTest.addtheItemTocart(AddToCartTest.java:22)
... Removed 25 stack frames]]>
    </failure>
  </testcase> <!-- addtheItemTocart -->
  <testcase name="updateTheCountOfCartItems" time="20.304" classname="AddToCartTest"/>
</testsuite> <!-- Test2 -->
