<?xml version="1.0" encoding="UTF-8"?>
<!-- Generated by org.testng.reporters.JUnitXMLReporter -->
<testsuite hostname="197NODMB16796.local" ignored="0" name="Test" tests="1" failures="0" timestamp="28 Mar 2019 07:55:13 GMT" time="0.278" errors="0">
  <testcase name="@BeforeTest driverSetup" time="0.23" classname="beam_Amazon_Auto.tests.BaseTest">
    <failure type="java.lang.NullPointerException" message="null value in entry: url=null">
      <![CDATA[java.lang.NullPointerException: null value in entry: url=null
at com.google.common.collect.CollectPreconditions.checkEntryNotNull(CollectPreconditions.java:32)
at com.google.common.collect.SingletonImmutableBiMap.<init>(SingletonImmutableBiMap.java:42)
at com.google.common.collect.ImmutableBiMap.of(ImmutableBiMap.java:72)
at com.google.common.collect.ImmutableMap.of(ImmutableMap.java:124)
at org.openqa.selenium.remote.RemoteWebDriver.get(RemoteWebDriver.java:276)
at beam_Amazon_Auto.utils.helpers.WebDriverManager.getURL(WebDriverManager.java:34)
at beam_Amazon_Auto.tests.BaseTest.driverSetup(BaseTest.java:37)
... Removed 24 stack frames]]>
    </failure>
  </testcase> <!-- @BeforeTest driverSetup -->
  <testcase name="@AfterTest tearDown" time="0.0" classname="beam_Amazon_Auto.tests.BaseTest">
    <skipped/>
  </testcase> <!-- @AfterTest tearDown -->
  <testcase name="searchAndVerifyList" time="0.0" classname="beam_Amazon_Auto.tests.HomeTest">
    <skipped/>
  </testcase> <!-- searchAndVerifyList -->
</testsuite> <!-- Test -->
