<?xml version="1.0" encoding="UTF-8"?>
<testng-results skipped="0" failed="0" ignored="0" total="2" passed="2">
  <reporter-output>
  </reporter-output>
  <suite name="Suite1" duration-ms="74496" started-at="2019-03-31T08:27:41Z" finished-at="2019-03-31T08:28:56Z">
    <groups>
      <group name="addToCart">
        <method signature="AddToCartTest.addtheItemTocart()[pri:1, instance:beam_Amazon_Auto.tests.AddToCartTest@7dc3712]" name="addtheItemTocart" class="beam_Amazon_Auto.tests.AddToCartTest"/>
      </group> <!-- addToCart -->
    </groups>
    <test name="Test1" duration-ms="74496" started-at="2019-03-31T08:27:41Z" finished-at="2019-03-31T08:28:56Z">
      <class name="beam_Amazon_Auto.tests.AddToCartTest">
        <test-method status="PASS" signature="initialization()[pri:0, instance:beam_Amazon_Auto.tests.AddToCartTest@7dc3712]" name="initialization" is-config="true" duration-ms="11" started-at="2019-03-31T08:27:41Z" finished-at="2019-03-31T08:27:41Z">
          <reporter-output>
          </reporter-output>
        </test-method> <!-- initialization -->
        <test-method status="PASS" signature="driverSetup()[pri:0, instance:beam_Amazon_Auto.tests.AddToCartTest@7dc3712]" name="driverSetup" is-config="true" duration-ms="52688" started-at="2019-03-31T08:27:41Z" finished-at="2019-03-31T08:28:34Z">
          <reporter-output>
          </reporter-output>
        </test-method> <!-- driverSetup -->
        <test-method status="PASS" signature="setup()[pri:0, instance:beam_Amazon_Auto.tests.AddToCartTest@7dc3712]" name="setup" is-config="true" duration-ms="0" started-at="2019-03-31T08:28:34Z" finished-at="2019-03-31T08:28:34Z">
          <reporter-output>
          </reporter-output>
        </test-method> <!-- setup -->
        <test-method status="PASS" signature="addtheItemTocart()[pri:1, instance:beam_Amazon_Auto.tests.AddToCartTest@7dc3712]" name="addtheItemTocart" duration-ms="16634" started-at="2019-03-31T08:28:34Z" finished-at="2019-03-31T08:28:51Z">
          <reporter-output>
          </reporter-output>
        </test-method> <!-- addtheItemTocart -->
        <test-method status="PASS" signature="changeItemQuanitiy()[pri:2, instance:beam_Amazon_Auto.tests.AddToCartTest@7dc3712]" name="changeItemQuanitiy" duration-ms="4707" depends-on-groups="addToCart" started-at="2019-03-31T08:28:51Z" finished-at="2019-03-31T08:28:56Z">
          <reporter-output>
          </reporter-output>
        </test-method> <!-- changeItemQuanitiy -->
        <test-method status="PASS" signature="tearDown()[pri:0, instance:beam_Amazon_Auto.tests.AddToCartTest@7dc3712]" name="tearDown" is-config="true" duration-ms="436" started-at="2019-03-31T08:28:56Z" finished-at="2019-03-31T08:28:56Z">
          <reporter-output>
          </reporter-output>
        </test-method> <!-- tearDown -->
        <test-method status="PASS" signature="afterSuite()[pri:0, instance:beam_Amazon_Auto.tests.AddToCartTest@7dc3712]" name="afterSuite" is-config="true" duration-ms="263" started-at="2019-03-31T08:28:56Z" finished-at="2019-03-31T08:28:56Z">
          <reporter-output>
          </reporter-output>
        </test-method> <!-- afterSuite -->
      </class> <!-- beam_Amazon_Auto.tests.AddToCartTest -->
    </test> <!-- Test1 -->
  </suite> <!-- Suite1 -->
</testng-results>
